<?xml version="1.0" encoding="UTF-8"?>
<testsuite name="com.ApiNoticias.APINoticias_Backend.Services.serviceUsuarioTest" tests="8" skipped="0" failures="0" errors="0" timestamp="2024-12-03T17:16:25" hostname="fedora" time="0.127">
  <properties/>
  <testcase name="testGetallUsuarioThrowsError()" classname="com.ApiNoticias.APINoticias_Backend.Services.serviceUsuarioTest" time="0.01"/>
  <testcase name="testGetallUsuarioEmptyResult()" classname="com.ApiNoticias.APINoticias_Backend.Services.serviceUsuarioTest" time="0.008"/>
  <testcase name="testSetUsuarioSuccessful()" classname="com.ApiNoticias.APINoticias_Backend.Services.serviceUsuarioTest" time="0.009"/>
  <testcase name="testSetUsuarioWithNullValues()" classname="com.ApiNoticias.APINoticias_Backend.Services.serviceUsuarioTest" time="0.011"/>
  <testcase name="testUpdateUsuarioWithPartialValues()" classname="com.ApiNoticias.APINoticias_Backend.Services.serviceUsuarioTest" time="0.02"/>
  <testcase name="testGetallUsuarioSuccessful()" classname="com.ApiNoticias.APINoticias_Backend.Services.serviceUsuarioTest" time="0.013"/>
  <testcase name="testUpdateUsuarioSuccessful()" classname="com.ApiNoticias.APINoticias_Backend.Services.serviceUsuarioTest" time="0.011"/>
  <testcase name="testSetUsuarioThrowsError()" classname="com.ApiNoticias.APINoticias_Backend.Services.serviceUsuarioTest" time="0.013"/>
  <system-out><![CDATA[]]></system-out>
  <system-err><![CDATA[]]></system-err>
</testsuite>
